[2024-10-04T09:15:13.111+0000] {manager.py:483} INFO - Processing files using up to 2 processes at a time 
[2024-10-04T09:15:13.113+0000] {manager.py:484} INFO - Process each file at most once every 30 seconds
[2024-10-04T09:15:13.116+0000] {manager.py:485} INFO - Checking for new files in /opt/airflow/dags every 300 seconds
[2024-10-04T09:15:13.121+0000] {manager.py:821} INFO - Searching for files in /opt/airflow/dags
[2024-10-04T09:15:13.164+0000] {manager.py:824} INFO - There are 1 files in /opt/airflow/dags
[2024-10-04T09:15:13.324+0000] {manager.py:997} INFO - 
================================================================================
DAG File Processing Stats

File Path                               PID  Runtime      # DAGs    # Errors  Last Runtime    Last Run      Last # of DB Queries
------------------------------------  -----  ---------  --------  ----------  --------------  ----------  ----------------------
/opt/airflow/dags/kafka_streaming.py    175  0.04s             0           0                                                   0
================================================================================
[2024-10-04T09:15:43.951+0000] {manager.py:997} INFO - 
================================================================================
DAG File Processing Stats

File Path                               PID  Runtime      # DAGs    # Errors  Last Runtime    Last Run               Last # of DB Queries
------------------------------------  -----  ---------  --------  ----------  --------------  -------------------  ----------------------
/opt/airflow/dags/kafka_streaming.py    198  0.02s             0           1  0.25s           2024-10-04T09:15:13                       3
================================================================================
[2024-10-04T09:16:14.857+0000] {manager.py:997} INFO - 
================================================================================
DAG File Processing Stats

File Path                               PID  Runtime      # DAGs    # Errors  Last Runtime    Last Run               Last # of DB Queries
------------------------------------  -----  ---------  --------  ----------  --------------  -------------------  ----------------------
/opt/airflow/dags/kafka_streaming.py    220  0.03s             0           1  0.33s           2024-10-04T09:15:44                       5
================================================================================
[2024-10-04T09:16:45.396+0000] {manager.py:997} INFO - 
================================================================================
DAG File Processing Stats

File Path                               PID  Runtime      # DAGs    # Errors  Last Runtime    Last Run               Last # of DB Queries
------------------------------------  -----  ---------  --------  ----------  --------------  -------------------  ----------------------
/opt/airflow/dags/kafka_streaming.py    243  0.05s             0           1  0.47s           2024-10-04T09:16:15                       5
================================================================================
[2024-10-04T09:17:09.910+0000] {manager.py:465} INFO - Exiting gracefully upon receiving signal 15
[2024-10-04T09:31:28.049+0000] {manager.py:483} INFO - Processing files using up to 2 processes at a time 
[2024-10-04T09:31:28.051+0000] {manager.py:484} INFO - Process each file at most once every 30 seconds
[2024-10-04T09:31:28.052+0000] {manager.py:485} INFO - Checking for new files in /opt/airflow/dags every 300 seconds
[2024-10-04T09:31:28.052+0000] {manager.py:821} INFO - Searching for files in /opt/airflow/dags
[2024-10-04T09:31:28.064+0000] {manager.py:824} INFO - There are 1 files in /opt/airflow/dags
[2024-10-04T09:31:28.130+0000] {manager.py:997} INFO - 
================================================================================
DAG File Processing Stats

File Path                               PID  Runtime      # DAGs    # Errors  Last Runtime    Last Run      Last # of DB Queries
------------------------------------  -----  ---------  --------  ----------  --------------  ----------  ----------------------
/opt/airflow/dags/kafka_streaming.py    170  0.02s             0           0                                                   0
================================================================================
[2024-10-04T09:31:58.785+0000] {manager.py:997} INFO - 
================================================================================
DAG File Processing Stats

File Path                               PID  Runtime      # DAGs    # Errors  Last Runtime    Last Run               Last # of DB Queries
------------------------------------  -----  ---------  --------  ----------  --------------  -------------------  ----------------------
/opt/airflow/dags/kafka_streaming.py    193  0.02s             0           1  0.09s           2024-10-04T09:31:28                       5
================================================================================
[2024-10-04T09:32:29.199+0000] {manager.py:997} INFO - 
================================================================================
DAG File Processing Stats

File Path                               PID  Runtime      # DAGs    # Errors  Last Runtime    Last Run               Last # of DB Queries
------------------------------------  -----  ---------  --------  ----------  --------------  -------------------  ----------------------
/opt/airflow/dags/kafka_streaming.py    216  0.02s             0           1  0.30s           2024-10-04T09:31:59                       5
================================================================================
[2024-10-04T09:32:59.851+0000] {manager.py:997} INFO - 
================================================================================
DAG File Processing Stats

File Path                               PID  Runtime      # DAGs    # Errors  Last Runtime    Last Run               Last # of DB Queries
------------------------------------  -----  ---------  --------  ----------  --------------  -------------------  ----------------------
/opt/airflow/dags/kafka_streaming.py    239  0.02s             0           1  0.22s           2024-10-04T09:32:29                       5
================================================================================
[2024-10-04T09:33:30.829+0000] {manager.py:997} INFO - 
================================================================================
DAG File Processing Stats

File Path                               PID  Runtime      # DAGs    # Errors  Last Runtime    Last Run               Last # of DB Queries
------------------------------------  -----  ---------  --------  ----------  --------------  -------------------  ----------------------
/opt/airflow/dags/kafka_streaming.py    262  0.07s             0           1  0.21s           2024-10-04T09:33:00                       5
================================================================================
[2024-10-04T09:34:01.389+0000] {manager.py:997} INFO - 
================================================================================
DAG File Processing Stats

File Path                               PID  Runtime      # DAGs    # Errors  Last Runtime    Last Run               Last # of DB Queries
------------------------------------  -----  ---------  --------  ----------  --------------  -------------------  ----------------------
/opt/airflow/dags/kafka_streaming.py    285  0.01s             0           1  0.46s           2024-10-04T09:33:31                       5
================================================================================
[2024-10-04T09:34:31.943+0000] {manager.py:997} INFO - 
================================================================================
DAG File Processing Stats

File Path                               PID  Runtime      # DAGs    # Errors  Last Runtime    Last Run               Last # of DB Queries
------------------------------------  -----  ---------  --------  ----------  --------------  -------------------  ----------------------
/opt/airflow/dags/kafka_streaming.py    307  0.02s             0           1  0.17s           2024-10-04T09:34:01                       5
================================================================================
[2024-10-04T09:35:02.487+0000] {manager.py:997} INFO - 
================================================================================
DAG File Processing Stats

File Path                               PID  Runtime      # DAGs    # Errors  Last Runtime    Last Run               Last # of DB Queries
------------------------------------  -----  ---------  --------  ----------  --------------  -------------------  ----------------------
/opt/airflow/dags/kafka_streaming.py    330  0.01s             0           1  0.14s           2024-10-04T09:34:32                       5
================================================================================
[2024-10-04T09:35:32.923+0000] {manager.py:997} INFO - 
================================================================================
DAG File Processing Stats

File Path                               PID  Runtime      # DAGs    # Errors  Last Runtime    Last Run               Last # of DB Queries
------------------------------------  -----  ---------  --------  ----------  --------------  -------------------  ----------------------
/opt/airflow/dags/kafka_streaming.py    353  0.03s             0           1  0.13s           2024-10-04T09:35:02                       5
================================================================================
[2024-10-04T09:36:03.524+0000] {manager.py:997} INFO - 
================================================================================
DAG File Processing Stats

File Path                               PID  Runtime      # DAGs    # Errors  Last Runtime    Last Run               Last # of DB Queries
------------------------------------  -----  ---------  --------  ----------  --------------  -------------------  ----------------------
/opt/airflow/dags/kafka_streaming.py    376  0.03s             0           1  0.18s           2024-10-04T09:35:33                       5
================================================================================
[2024-10-04T09:36:28.054+0000] {manager.py:821} INFO - Searching for files in /opt/airflow/dags
[2024-10-04T09:36:28.066+0000] {manager.py:824} INFO - There are 1 files in /opt/airflow/dags
[2024-10-04T09:36:34.215+0000] {manager.py:997} INFO - 
================================================================================
DAG File Processing Stats

File Path                               PID  Runtime      # DAGs    # Errors  Last Runtime    Last Run               Last # of DB Queries
------------------------------------  -----  ---------  --------  ----------  --------------  -------------------  ----------------------
/opt/airflow/dags/kafka_streaming.py    398  0.02s             0           1  0.17s           2024-10-04T09:36:03                       5
================================================================================
[2024-10-04T09:37:04.882+0000] {manager.py:997} INFO - 
================================================================================
DAG File Processing Stats

File Path                               PID  Runtime      # DAGs    # Errors  Last Runtime    Last Run               Last # of DB Queries
------------------------------------  -----  ---------  --------  ----------  --------------  -------------------  ----------------------
/opt/airflow/dags/kafka_streaming.py    421  0.02s             0           1  0.18s           2024-10-04T09:36:34                       5
================================================================================
[2024-10-04T09:37:35.375+0000] {manager.py:997} INFO - 
================================================================================
DAG File Processing Stats

File Path                               PID  Runtime      # DAGs    # Errors  Last Runtime    Last Run               Last # of DB Queries
------------------------------------  -----  ---------  --------  ----------  --------------  -------------------  ----------------------
/opt/airflow/dags/kafka_streaming.py    444  0.03s             0           1  0.33s           2024-10-04T09:37:05                       5
================================================================================
[2024-10-04T09:38:05.930+0000] {manager.py:997} INFO - 
================================================================================
DAG File Processing Stats

File Path                               PID  Runtime      # DAGs    # Errors  Last Runtime    Last Run               Last # of DB Queries
------------------------------------  -----  ---------  --------  ----------  --------------  -------------------  ----------------------
/opt/airflow/dags/kafka_streaming.py    467  0.02s             0           1  0.22s           2024-10-04T09:37:35                       5
================================================================================
[2024-10-04T09:38:36.470+0000] {manager.py:997} INFO - 
================================================================================
DAG File Processing Stats

File Path                               PID  Runtime      # DAGs    # Errors  Last Runtime    Last Run               Last # of DB Queries
------------------------------------  -----  ---------  --------  ----------  --------------  -------------------  ----------------------
/opt/airflow/dags/kafka_streaming.py    490  0.03s             0           1  0.18s           2024-10-04T09:38:06                       5
================================================================================
[2024-10-04T09:39:07.048+0000] {manager.py:997} INFO - 
================================================================================
DAG File Processing Stats

File Path                               PID  Runtime      # DAGs    # Errors  Last Runtime    Last Run               Last # of DB Queries
------------------------------------  -----  ---------  --------  ----------  --------------  -------------------  ----------------------
/opt/airflow/dags/kafka_streaming.py    513  0.03s             0           1  0.19s           2024-10-04T09:38:36                       5
================================================================================
[2024-10-04T09:39:37.716+0000] {manager.py:997} INFO - 
================================================================================
DAG File Processing Stats

File Path                               PID  Runtime      # DAGs    # Errors  Last Runtime    Last Run               Last # of DB Queries
------------------------------------  -----  ---------  --------  ----------  --------------  -------------------  ----------------------
/opt/airflow/dags/kafka_streaming.py    536  0.05s             0           1  0.17s           2024-10-04T09:39:07                       5
================================================================================
[2024-10-04T09:40:08.296+0000] {manager.py:997} INFO - 
================================================================================
DAG File Processing Stats

File Path                               PID  Runtime      # DAGs    # Errors  Last Runtime    Last Run               Last # of DB Queries
------------------------------------  -----  ---------  --------  ----------  --------------  -------------------  ----------------------
/opt/airflow/dags/kafka_streaming.py    559  0.04s             0           1  0.19s           2024-10-04T09:39:37                       5
================================================================================
[2024-10-04T09:40:38.832+0000] {manager.py:997} INFO - 
================================================================================
DAG File Processing Stats

File Path                               PID  Runtime      # DAGs    # Errors  Last Runtime    Last Run               Last # of DB Queries
------------------------------------  -----  ---------  --------  ----------  --------------  -------------------  ----------------------
/opt/airflow/dags/kafka_streaming.py    582  0.01s             0           1  0.21s           2024-10-04T09:40:08                       5
================================================================================
[2024-10-04T09:41:09.258+0000] {manager.py:997} INFO - 
================================================================================
DAG File Processing Stats

File Path                               PID  Runtime      # DAGs    # Errors  Last Runtime    Last Run               Last # of DB Queries
------------------------------------  -----  ---------  --------  ----------  --------------  -------------------  ----------------------
/opt/airflow/dags/kafka_streaming.py    605  0.02s             0           1  0.17s           2024-10-04T09:40:38                       5
================================================================================
[2024-10-04T09:41:28.681+0000] {manager.py:821} INFO - Searching for files in /opt/airflow/dags
[2024-10-04T09:41:28.698+0000] {manager.py:824} INFO - There are 1 files in /opt/airflow/dags
[2024-10-04T09:41:40.128+0000] {manager.py:997} INFO - 
================================================================================
DAG File Processing Stats

File Path                               PID  Runtime      # DAGs    # Errors  Last Runtime    Last Run               Last # of DB Queries
------------------------------------  -----  ---------  --------  ----------  --------------  -------------------  ----------------------
/opt/airflow/dags/kafka_streaming.py    628  0.04s             0           1  0.17s           2024-10-04T09:41:09                       5
================================================================================
[2024-10-04T09:42:02.189+0000] {manager.py:465} INFO - Exiting gracefully upon receiving signal 15
[2024-10-04T09:42:31.646+0000] {manager.py:483} INFO - Processing files using up to 2 processes at a time 
[2024-10-04T09:42:31.649+0000] {manager.py:484} INFO - Process each file at most once every 30 seconds
[2024-10-04T09:42:31.650+0000] {manager.py:485} INFO - Checking for new files in /opt/airflow/dags every 300 seconds
[2024-10-04T09:42:31.653+0000] {manager.py:821} INFO - Searching for files in /opt/airflow/dags
[2024-10-04T09:42:31.670+0000] {manager.py:824} INFO - There are 1 files in /opt/airflow/dags
[2024-10-04T09:42:31.881+0000] {manager.py:997} INFO - 
================================================================================
DAG File Processing Stats

File Path                               PID  Runtime      # DAGs    # Errors  Last Runtime    Last Run      Last # of DB Queries
------------------------------------  -----  ---------  --------  ----------  --------------  ----------  ----------------------
/opt/airflow/dags/kafka_streaming.py    170  0.06s             0           0                                                   0
================================================================================
[2024-10-04T09:43:02.528+0000] {manager.py:997} INFO - 
================================================================================
DAG File Processing Stats

File Path                               PID  Runtime      # DAGs    # Errors  Last Runtime    Last Run               Last # of DB Queries
------------------------------------  -----  ---------  --------  ----------  --------------  -------------------  ----------------------
/opt/airflow/dags/kafka_streaming.py    194  0.03s             0           1  0.25s           2024-10-04T09:42:32                       5
================================================================================
[2024-10-04T09:43:33.018+0000] {manager.py:997} INFO - 
================================================================================
DAG File Processing Stats

File Path                               PID  Runtime      # DAGs    # Errors  Last Runtime    Last Run               Last # of DB Queries
------------------------------------  -----  ---------  --------  ----------  --------------  -------------------  ----------------------
/opt/airflow/dags/kafka_streaming.py    217  0.03s             0           1  0.39s           2024-10-04T09:43:02                       5
================================================================================
[2024-10-04T09:44:03.790+0000] {manager.py:997} INFO - 
================================================================================
DAG File Processing Stats

File Path                               PID  Runtime      # DAGs    # Errors  Last Runtime    Last Run               Last # of DB Queries
------------------------------------  -----  ---------  --------  ----------  --------------  -------------------  ----------------------
/opt/airflow/dags/kafka_streaming.py    239  0.05s             0           1  0.20s           2024-10-04T09:43:33                       5
================================================================================
[2024-10-04T09:44:14.786+0000] {manager.py:465} INFO - Exiting gracefully upon receiving signal 15
[2024-10-04T09:57:44.648+0000] {manager.py:483} INFO - Processing files using up to 2 processes at a time 
[2024-10-04T09:57:44.657+0000] {manager.py:484} INFO - Process each file at most once every 30 seconds
[2024-10-04T09:57:44.658+0000] {manager.py:485} INFO - Checking for new files in /opt/airflow/dags every 300 seconds
[2024-10-04T09:57:44.659+0000] {manager.py:821} INFO - Searching for files in /opt/airflow/dags
[2024-10-04T09:57:44.746+0000] {manager.py:824} INFO - There are 1 files in /opt/airflow/dags
[2024-10-04T09:57:45.001+0000] {manager.py:997} INFO - 
================================================================================
DAG File Processing Stats

File Path                               PID  Runtime      # DAGs    # Errors  Last Runtime    Last Run      Last # of DB Queries
------------------------------------  -----  ---------  --------  ----------  --------------  ----------  ----------------------
/opt/airflow/dags/kafka_streaming.py    163  0.08s             0           0                                                   0
================================================================================
[2024-10-04T09:58:15.029+0000] {manager.py:997} INFO - 
================================================================================
DAG File Processing Stats

File Path                             PID    Runtime      # DAGs    # Errors  Last Runtime    Last Run               Last # of DB Queries
------------------------------------  -----  ---------  --------  ----------  --------------  -------------------  ----------------------
/opt/airflow/dags/kafka_streaming.py                           0           1  0.36s           2024-10-04T09:57:45                       5
================================================================================
[2024-10-04T09:58:45.405+0000] {manager.py:997} INFO - 
================================================================================
DAG File Processing Stats

File Path                             PID    Runtime      # DAGs    # Errors  Last Runtime    Last Run               Last # of DB Queries
------------------------------------  -----  ---------  --------  ----------  --------------  -------------------  ----------------------
/opt/airflow/dags/kafka_streaming.py                           0           1  0.74s           2024-10-04T09:58:16                       5
================================================================================
[2024-10-04T09:59:16.201+0000] {manager.py:997} INFO - 
================================================================================
DAG File Processing Stats

File Path                             PID    Runtime      # DAGs    # Errors  Last Runtime    Last Run               Last # of DB Queries
------------------------------------  -----  ---------  --------  ----------  --------------  -------------------  ----------------------
/opt/airflow/dags/kafka_streaming.py                           0           1  2.87s           2024-10-04T09:58:50                       5
================================================================================
[2024-10-04T09:59:47.180+0000] {manager.py:997} INFO - 
================================================================================
DAG File Processing Stats

File Path                             PID    Runtime      # DAGs    # Errors  Last Runtime    Last Run               Last # of DB Queries
------------------------------------  -----  ---------  --------  ----------  --------------  -------------------  ----------------------
/opt/airflow/dags/kafka_streaming.py                           0           1  1.92s           2024-10-04T09:59:22                       5
================================================================================
[2024-10-04T10:00:18.020+0000] {manager.py:997} INFO - 
================================================================================
DAG File Processing Stats

File Path                             PID    Runtime      # DAGs    # Errors  Last Runtime    Last Run               Last # of DB Queries
------------------------------------  -----  ---------  --------  ----------  --------------  -------------------  ----------------------
/opt/airflow/dags/kafka_streaming.py                           0           1  0.25s           2024-10-04T09:59:53                       5
================================================================================
[2024-10-04T10:00:48.654+0000] {manager.py:997} INFO - 
================================================================================
DAG File Processing Stats

File Path                             PID    Runtime      # DAGs    # Errors  Last Runtime    Last Run               Last # of DB Queries
------------------------------------  -----  ---------  --------  ----------  --------------  -------------------  ----------------------
/opt/airflow/dags/kafka_streaming.py                           1           0  1.75s           2024-10-04T10:00:25                      45
================================================================================
[2024-10-04T10:01:19.068+0000] {manager.py:997} INFO - 
================================================================================
DAG File Processing Stats

File Path                             PID    Runtime      # DAGs    # Errors  Last Runtime    Last Run               Last # of DB Queries
------------------------------------  -----  ---------  --------  ----------  --------------  -------------------  ----------------------
/opt/airflow/dags/kafka_streaming.py                           1           0  0.68s           2024-10-04T10:00:57                      12
================================================================================
[2024-10-04T10:01:49.475+0000] {manager.py:997} INFO - 
================================================================================
DAG File Processing Stats

File Path                             PID    Runtime      # DAGs    # Errors  Last Runtime    Last Run               Last # of DB Queries
------------------------------------  -----  ---------  --------  ----------  --------------  -------------------  ----------------------
/opt/airflow/dags/kafka_streaming.py                           1           0  1.51s           2024-10-04T10:01:45                      34
================================================================================
[2024-10-04T10:02:20.036+0000] {manager.py:997} INFO - 
================================================================================
DAG File Processing Stats

File Path                             PID    Runtime      # DAGs    # Errors  Last Runtime    Last Run               Last # of DB Queries
------------------------------------  -----  ---------  --------  ----------  --------------  -------------------  ----------------------
/opt/airflow/dags/kafka_streaming.py                           1           0  0.53s           2024-10-04T10:01:53                      11
================================================================================
[2024-10-04T10:02:44.801+0000] {manager.py:821} INFO - Searching for files in /opt/airflow/dags
[2024-10-04T10:02:44.839+0000] {manager.py:824} INFO - There are 1 files in /opt/airflow/dags
[2024-10-04T10:02:51.002+0000] {manager.py:997} INFO - 
================================================================================
DAG File Processing Stats

File Path                             PID    Runtime      # DAGs    # Errors  Last Runtime    Last Run               Last # of DB Queries
------------------------------------  -----  ---------  --------  ----------  --------------  -------------------  ----------------------
/opt/airflow/dags/kafka_streaming.py                           1           0  0.44s           2024-10-04T10:02:23                      12
================================================================================
[2024-10-04T10:03:21.682+0000] {manager.py:997} INFO - 
================================================================================
DAG File Processing Stats

File Path                             PID    Runtime      # DAGs    # Errors  Last Runtime    Last Run               Last # of DB Queries
------------------------------------  -----  ---------  --------  ----------  --------------  -------------------  ----------------------
/opt/airflow/dags/kafka_streaming.py                           1           0  0.46s           2024-10-04T10:02:54                      12
================================================================================
[2024-10-04T10:03:52.353+0000] {manager.py:997} INFO - 
================================================================================
DAG File Processing Stats

File Path                             PID    Runtime      # DAGs    # Errors  Last Runtime    Last Run               Last # of DB Queries
------------------------------------  -----  ---------  --------  ----------  --------------  -------------------  ----------------------
/opt/airflow/dags/kafka_streaming.py                           1           0  0.43s           2024-10-04T10:03:25                      12
================================================================================
[2024-10-04T10:04:22.593+0000] {manager.py:997} INFO - 
================================================================================
DAG File Processing Stats

File Path                             PID    Runtime      # DAGs    # Errors  Last Runtime    Last Run               Last # of DB Queries
------------------------------------  -----  ---------  --------  ----------  --------------  -------------------  ----------------------
/opt/airflow/dags/kafka_streaming.py                           1           0  0.32s           2024-10-04T10:03:55                      12
================================================================================
[2024-10-04T10:04:53.448+0000] {manager.py:997} INFO - 
================================================================================
DAG File Processing Stats

File Path                             PID    Runtime      # DAGs    # Errors  Last Runtime    Last Run               Last # of DB Queries
------------------------------------  -----  ---------  --------  ----------  --------------  -------------------  ----------------------
/opt/airflow/dags/kafka_streaming.py                           1           0  0.40s           2024-10-04T10:04:27                      12
================================================================================
[2024-10-04T10:05:23.470+0000] {manager.py:997} INFO - 
================================================================================
DAG File Processing Stats

File Path                             PID    Runtime      # DAGs    # Errors  Last Runtime    Last Run               Last # of DB Queries
------------------------------------  -----  ---------  --------  ----------  --------------  -------------------  ----------------------
/opt/airflow/dags/kafka_streaming.py                           1           0  0.33s           2024-10-04T10:04:57                      12
================================================================================
[2024-10-04T10:05:54.134+0000] {manager.py:997} INFO - 
================================================================================
DAG File Processing Stats

File Path                             PID    Runtime      # DAGs    # Errors  Last Runtime    Last Run               Last # of DB Queries
------------------------------------  -----  ---------  --------  ----------  --------------  -------------------  ----------------------
/opt/airflow/dags/kafka_streaming.py                           1           0  0.26s           2024-10-04T10:05:28                      12
================================================================================
